# JRE version: OpenJDK Runtime Environment (21.0.6) (build 21.0.6+-13355223-b631.42)
# Java VM: OpenJDK 64-Bit Server VM (21.0.6+-13355223-b631.42, mixed mode, tiered, compressed oops, compressed class ptrs, g1 gc, windows-amd64)
GC Precious Log:
 CardTable entry size: 512
 Card Set container configuration: InlinePtr #cards 5 size 8 Array Of Cards #cards 12 size 40 Howl #buckets 4 coarsen threshold 1843 Howl Bitmap #cards 512 size 80 coarsen threshold 460 Card regions per heap region 1 cards per card region 2048
 CPUs: 4 total, 4 available
 Memory: 8191M
 Large Page Support: Disabled
 NUMA Support: Disabled
 Compressed Oops: Enabled (32-bit)
 Heap Region Size: 1M
 Heap Min Capacity: 8M
 Heap Initial Capacity: 128M
 Heap Max Capacity: 2G
 Pre-touch: Disabled
 Parallel Workers: 4
 Concurrent Workers: 1
 Concurrent Refinement Workers: 4
 Periodic GC: Disabled
Heap:
 garbage-first heap   total 342016K, used 229888K [0x0000000080000000, 0x0000000100000000)
  region size 1024K, 75 young (76800K), 7 survivors (7168K)
 Metaspace       used 132321K, committed 134592K, reserved 1179648K
  class space    used 17316K, committed 18496K, reserved 1048576K
GC Heap History (20 events):
Event: 207.239 GC heap before
{Heap before GC invocations=159 (full 0):
 garbage-first heap   total 331776K, used 284257K [0x0000000080000000, 0x0000000100000000)
  region size 1024K, 194 young (198656K), 1 survivors (1024K)
 Metaspace       used 88655K, committed 90368K, reserved 1179648K
  class space    used 11315K, committed 12160K, reserved 1048576K
}
Event: 207.241 GC heap after
{Heap after GC invocations=160 (full 0):
 garbage-first heap   total 331776K, used 87011K [0x0000000080000000, 0x0000000100000000)
  region size 1024K, 1 young (1024K), 1 survivors (1024K)
 Metaspace       used 88655K, committed 90368K, reserved 1179648K
  class space    used 11315K, committed 12160K, reserved 1048576K
}
Event: 210.257 GC heap before
{Heap before GC invocations=160 (full 0):
 garbage-first heap   total 331776K, used 284643K [0x0000000080000000, 0x0000000100000000)
  region size 1024K, 194 young (198656K), 1 survivors (1024K)
 Metaspace       used 88655K, committed 90368K, reserved 1179648K
  class space    used 11315K, committed 12160K, reserved 1048576K
}
Event: 210.262 GC heap after
{Heap after GC invocations=161 (full 0):
 garbage-first heap   total 331776K, used 89601K [0x0000000080000000, 0x0000000100000000)
  region size 1024K, 4 young (4096K), 4 survivors (4096K)
 Metaspace       used 88655K, committed 90368K, reserved 1179648K
  class space    used 11315K, committed 12160K, reserved 1048576K
}
Event: 212.330 GC heap before
{Heap before GC invocations=161 (full 0):
 garbage-first heap   total 331776K, used 284161K [0x0000000080000000, 0x0000000100000000)
  region size 1024K, 194 young (198656K), 4 survivors (4096K)
 Metaspace       used 88658K, committed 90368K, reserved 1179648K
  class space    used 11315K, committed 12160K, reserved 1048576K
}
Event: 212.333 GC heap after
{Heap after GC invocations=162 (full 0):
 garbage-first heap   total 331776K, used 83364K [0x0000000080000000, 0x0000000100000000)
  region size 1024K, 2 young (2048K), 2 survivors (2048K)
 Metaspace       used 88658K, committed 90368K, reserved 1179648K
  class space    used 11315K, committed 12160K, reserved 1048576K
}
Event: 214.074 GC heap before
{Heap before GC invocations=162 (full 0):
 garbage-first heap   total 331776K, used 292260K [0x0000000080000000, 0x0000000100000000)
  region size 1024K, 194 young (198656K), 2 survivors (2048K)
 Metaspace       used 89638K, committed 91392K, reserved 1179648K
  class space    used 11458K, committed 12288K, reserved 1048576K
}
Event: 214.079 GC heap after
{Heap after GC invocations=163 (full 0):
 garbage-first heap   total 331776K, used 102995K [0x0000000080000000, 0x0000000100000000)
  region size 1024K, 9 young (9216K), 9 survivors (9216K)
 Metaspace       used 89638K, committed 91392K, reserved 1179648K
  class space    used 11458K, committed 12288K, reserved 1048576K
}
Event: 216.774 GC heap before
{Heap before GC invocations=163 (full 0):
 garbage-first heap   total 331776K, used 214611K [0x0000000080000000, 0x0000000100000000)
  region size 1024K, 115 young (117760K), 9 survivors (9216K)
 Metaspace       used 99798K, committed 101760K, reserved 1179648K
  class space    used 12792K, committed 13760K, reserved 1048576K
}
Event: 216.786 GC heap after
{Heap after GC invocations=164 (full 0):
 garbage-first heap   total 331776K, used 115261K [0x0000000080000000, 0x0000000100000000)
  region size 1024K, 17 young (17408K), 17 survivors (17408K)
 Metaspace       used 99798K, committed 101760K, reserved 1179648K
  class space    used 12792K, committed 13760K, reserved 1048576K
}
Event: 216.788 GC heap before
{Heap before GC invocations=164 (full 0):
 garbage-first heap   total 331776K, used 116285K [0x0000000080000000, 0x0000000100000000)
  region size 1024K, 18 young (18432K), 17 survivors (17408K)
 Metaspace       used 99798K, committed 101760K, reserved 1179648K
  class space    used 12792K, committed 13760K, reserved 1048576K
}
Event: 216.798 GC heap after
{Heap after GC invocations=165 (full 0):
 garbage-first heap   total 331776K, used 115824K [0x0000000080000000, 0x0000000100000000)
  region size 1024K, 8 young (8192K), 8 survivors (8192K)
 Metaspace       used 99798K, committed 101760K, reserved 1179648K
  class space    used 12792K, committed 13760K, reserved 1048576K
}
Event: 221.031 GC heap before
{Heap before GC invocations=166 (full 0):
 garbage-first heap   total 331776K, used 310384K [0x0000000080000000, 0x0000000100000000)
  region size 1024K, 193 young (197632K), 8 survivors (8192K)
 Metaspace       used 110128K, committed 112192K, reserved 1179648K
  class space    used 14180K, committed 15232K, reserved 1048576K
}
Event: 221.046 GC heap after
{Heap after GC invocations=167 (full 0):
 garbage-first heap   total 331776K, used 127171K [0x0000000080000000, 0x0000000100000000)
  region size 1024K, 19 young (19456K), 19 survivors (19456K)
 Metaspace       used 110128K, committed 112192K, reserved 1179648K
  class space    used 14180K, committed 15232K, reserved 1048576K
}
Event: 226.221 GC heap before
{Heap before GC invocations=167 (full 0):
 garbage-first heap   total 331776K, used 308419K [0x0000000080000000, 0x0000000100000000)
  region size 1024K, 182 young (186368K), 19 survivors (19456K)
 Metaspace       used 122130K, committed 124288K, reserved 1179648K
  class space    used 16051K, committed 17088K, reserved 1048576K
}
Event: 226.247 GC heap after
{Heap after GC invocations=168 (full 0):
 garbage-first heap   total 342016K, used 154357K [0x0000000080000000, 0x0000000100000000)
  region size 1024K, 13 young (13312K), 13 survivors (13312K)
 Metaspace       used 122130K, committed 124288K, reserved 1179648K
  class space    used 16051K, committed 17088K, reserved 1048576K
}
Event: 226.609 GC heap before
{Heap before GC invocations=168 (full 0):
 garbage-first heap   total 342016K, used 165621K [0x0000000080000000, 0x0000000100000000)
  region size 1024K, 26 young (26624K), 13 survivors (13312K)
 Metaspace       used 123877K, committed 126016K, reserved 1179648K
  class space    used 16262K, committed 17344K, reserved 1048576K
}
Event: 226.619 GC heap after
{Heap after GC invocations=169 (full 0):
 garbage-first heap   total 342016K, used 156672K [0x0000000080000000, 0x0000000100000000)
  region size 1024K, 3 young (3072K), 3 survivors (3072K)
 Metaspace       used 123877K, committed 126016K, reserved 1179648K
  class space    used 16262K, committed 17344K, reserved 1048576K
}
Event: 229.715 GC heap before
{Heap before GC invocations=170 (full 0):
 garbage-first heap   total 342016K, used 318464K [0x0000000080000000, 0x0000000100000000)
  region size 1024K, 160 young (163840K), 3 survivors (3072K)
 Metaspace       used 131868K, committed 134144K, reserved 1179648K
  class space    used 17272K, committed 18432K, reserved 1048576K
}
Event: 229.722 GC heap after
{Heap after GC invocations=171 (full 0):
 garbage-first heap   total 342016K, used 161280K [0x0000000080000000, 0x0000000100000000)
  region size 1024K, 7 young (7168K), 7 survivors (7168K)
 Metaspace       used 131868K, committed 134144K, reserved 1179648K
  class space    used 17272K, committed 18432K, reserved 1048576K
}

